<?xml version="1.0" encoding="UTF-8"?>
<!-- Generated by org.testng.reporters.JUnitReportReporter -->
<testsuite hostname="DESKTOP-PF9QDE4" failures="0" tests="1" name="First_Project.ReportTest" time="0.020" errors="0" timestamp="2025-03-17T00:01:46 IST" skipped="0">
  <testcase classname="First_Project.ReportTest" name="test4" time="0.020">
    <system-out>
      <![CDATA[This is Test 4]]>
    </system-out>
  </testcase> <!-- test4 -->
  <system-out>
    <![CDATA[This is Test 4]]>
  </system-out>
</testsuite> <!-- First_Project.ReportTest -->
