<?xml version="1.0" encoding="UTF-8"?>
<!-- Generated by org.testng.reporters.JUnitReportReporter -->
<testsuite hostname="DESKTOP-PF9QDE4" failures="0" tests="4" name="First_Project.BeforeClassDemo" time="0.015" errors="0" timestamp="2025-04-23T22:58:44 IST" skipped="1">
  <testcase classname="First_Project.BeforeClassDemo" name="Test3" time="0.003"/>
  <testcase classname="First_Project.BeforeClassDemo" name="Test4" time="0.003"/>
  <testcase classname="First_Project.BeforeClassDemo" name="Test2" time="0.009"/>
  <testcase classname="First_Project.BeforeClassDemo" name="Test1">
    <skipped/>
  </testcase> <!-- Test1 -->
</testsuite> <!-- First_Project.BeforeClassDemo -->
