<?xml version="1.0" encoding="UTF-8"?>
<!-- Generated by org.testng.reporters.JUnitReportReporter -->
<testsuite hostname="DESKTOP-PF9QDE4" failures="0" tests="4" name="First_Project.SkipTestCases" time="0.033" errors="0" timestamp="2025-03-11T22:31:16 IST" skipped="1">
  <testcase classname="First_Project.SkipTestCases" name="Test2" time="0.018"/>
  <testcase classname="First_Project.SkipTestCases" name="Test4" time="0.006"/>
  <testcase classname="First_Project.SkipTestCases" name="Test3" time="0.009"/>
  <testcase classname="First_Project.SkipTestCases" name="Test1">
    <skipped/>
  </testcase> <!-- Test1 -->
</testsuite> <!-- First_Project.SkipTestCases -->
