<?xml version="1.0" encoding="UTF-8"?>
<!-- Generated by org.testng.reporters.JUnitReportReporter -->
<testsuite hostname="DESKTOP-PF9QDE4" failures="0" tests="3" name="First_Project.BeforeTestAndAfterTest" time="0.023" errors="0" timestamp="2025-04-23T23:08:08 IST" skipped="0">
  <testcase classname="First_Project.BeforeTestAndAfterTest" name="Test1" time="0.011"/>
  <testcase classname="First_Project.BeforeTestAndAfterTest" name="Test2" time="0.005"/>
  <testcase classname="First_Project.BeforeTestAndAfterTest" name="Test3" time="0.007"/>
</testsuite> <!-- First_Project.BeforeTestAndAfterTest -->
