<?xml version="1.0" encoding="UTF-8"?>
<!-- Generated by org.testng.reporters.JUnitReportReporter -->
<testsuite hostname="DESKTOP-PF9QDE4" failures="0" tests="2" name="First_Project.FirstTest" time="0.019" errors="0" timestamp="2025-04-23T23:08:08 IST" skipped="0">
  <testcase classname="First_Project.FirstTest" name="LoginTest" time="0.008"/>
  <testcase classname="First_Project.FirstTest" name="LogoutTest" time="0.011"/>
</testsuite> <!-- First_Project.FirstTest -->
