<?xml version="1.0" encoding="UTF-8"?>
<!-- Generated by org.testng.reporters.JUnitReportReporter -->
<testsuite hostname="DESKTOP-PF9QDE4" failures="0" tests="2" name="First_Project.DataProviderSelenium" time="25.018" errors="0" timestamp="2025-03-12T00:19:40 IST" skipped="0">
  <testcase classname="First_Project.DataProviderSelenium" name="data" time="5.563"/>
  <testcase classname="First_Project.DataProviderSelenium" name="data" time="19.455"/>
</testsuite> <!-- First_Project.DataProviderSelenium -->
