<?xml version="1.0" encoding="UTF-8"?>
<!-- Generated by org.testng.reporters.JUnitReportReporter -->
<testsuite hostname="DESKTOP-PF9QDE4" failures="0" tests="3" name="First_Project.BeforeMethod_AfterMethod" time="0.028" errors="0" timestamp="2025-04-23T23:08:08 IST" skipped="0">
  <testcase classname="First_Project.BeforeMethod_AfterMethod" name="Test1" time="0.003"/>
  <testcase classname="First_Project.BeforeMethod_AfterMethod" name="Test2" time="0.012"/>
  <testcase classname="First_Project.BeforeMethod_AfterMethod" name="Test3" time="0.013"/>
</testsuite> <!-- First_Project.BeforeMethod_AfterMethod -->
