<?xml version="1.0" encoding="UTF-8"?>
<!-- Generated by org.testng.reporters.JUnitReportReporter -->
<testsuite hostname="DESKTOP-PF9QDE4" failures="0" tests="6" name="First_Project.DataProviderDemo" time="0.039" errors="0" timestamp="2025-03-11T23:09:28 IST" skipped="0">
  <testcase classname="First_Project.DataProviderDemo" name="data" time="0.018"/>
  <testcase classname="First_Project.DataProviderDemo" name="data" time="0.005"/>
  <testcase classname="First_Project.DataProviderDemo" name="data" time="0.002"/>
  <testcase classname="First_Project.DataProviderDemo" name="data" time="0.005"/>
  <testcase classname="First_Project.DataProviderDemo" name="data" time="0.005"/>
  <testcase classname="First_Project.DataProviderDemo" name="data" time="0.004"/>
</testsuite> <!-- First_Project.DataProviderDemo -->
