<?xml version="1.0" encoding="UTF-8"?>
<!-- Generated by org.testng.reporters.JUnitReportReporter -->
<testsuite hostname="DESKTOP-PF9QDE4" failures="0" tests="1" name="First_Project.ParametersDemo" time="5.875" errors="0" timestamp="2025-03-12T00:44:53 IST" skipped="0">
  <testcase classname="First_Project.ParametersDemo" name="LaunchingApplication" time="5.875"/>
</testsuite> <!-- First_Project.ParametersDemo -->
